[2024-06-17T12:29:21.408+0000] {processor.py:161} INFO - Started process (PID=173) to work on /opt/airflow/dags/ecom_dag.py
[2024-06-17T12:29:21.409+0000] {processor.py:830} INFO - Processing file /opt/airflow/dags/ecom_dag.py for tasks to queue
[2024-06-17T12:29:21.412+0000] {logging_mixin.py:188} INFO - [2024-06-17T12:29:21.412+0000] {dagbag.py:545} INFO - Filling up the DagBag from /opt/airflow/dags/ecom_dag.py
[2024-06-17T12:29:21.453+0000] {processor.py:840} INFO - DAG(s) 'etl_ecomerc_pipeline' retrieved from /opt/airflow/dags/ecom_dag.py
[2024-06-17T12:29:21.664+0000] {logging_mixin.py:188} INFO - [2024-06-17T12:29:21.664+0000] {override.py:1829} INFO - Created Permission View: can read on DAG:etl_ecomerc_pipeline
[2024-06-17T12:29:21.675+0000] {logging_mixin.py:188} INFO - [2024-06-17T12:29:21.675+0000] {override.py:1829} INFO - Created Permission View: can delete on DAG:etl_ecomerc_pipeline
[2024-06-17T12:29:21.684+0000] {logging_mixin.py:188} INFO - [2024-06-17T12:29:21.684+0000] {override.py:1829} INFO - Created Permission View: can edit on DAG:etl_ecomerc_pipeline
[2024-06-17T12:29:21.685+0000] {logging_mixin.py:188} INFO - [2024-06-17T12:29:21.684+0000] {dag.py:3096} INFO - Sync 1 DAGs
[2024-06-17T12:29:21.697+0000] {logging_mixin.py:188} INFO - [2024-06-17T12:29:21.696+0000] {dag.py:3118} INFO - Creating ORM DAG for etl_ecomerc_pipeline
[2024-06-17T12:29:21.706+0000] {logging_mixin.py:188} INFO - [2024-06-17T12:29:21.706+0000] {dag.py:3954} INFO - Setting next_dagrun for etl_ecomerc_pipeline to 2024-06-16 00:00:00+00:00, run_after=2024-06-17 00:00:00+00:00
[2024-06-17T12:29:21.727+0000] {processor.py:183} INFO - Processing /opt/airflow/dags/ecom_dag.py took 0.326 seconds
[2024-06-17T12:29:51.914+0000] {processor.py:161} INFO - Started process (PID=186) to work on /opt/airflow/dags/ecom_dag.py
[2024-06-17T12:29:51.915+0000] {processor.py:830} INFO - Processing file /opt/airflow/dags/ecom_dag.py for tasks to queue
[2024-06-17T12:29:51.916+0000] {logging_mixin.py:188} INFO - [2024-06-17T12:29:51.916+0000] {dagbag.py:545} INFO - Filling up the DagBag from /opt/airflow/dags/ecom_dag.py
[2024-06-17T12:29:51.936+0000] {processor.py:840} INFO - DAG(s) 'etl_ecomerc_pipeline' retrieved from /opt/airflow/dags/ecom_dag.py
[2024-06-17T12:29:51.959+0000] {logging_mixin.py:188} INFO - [2024-06-17T12:29:51.959+0000] {dag.py:3096} INFO - Sync 1 DAGs
[2024-06-17T12:29:51.982+0000] {logging_mixin.py:188} INFO - [2024-06-17T12:29:51.981+0000] {dag.py:3954} INFO - Setting next_dagrun for etl_ecomerc_pipeline to 2024-06-17 00:00:00+00:00, run_after=2024-06-18 00:00:00+00:00
[2024-06-17T12:29:52.000+0000] {processor.py:183} INFO - Processing /opt/airflow/dags/ecom_dag.py took 0.091 seconds
[2024-06-17T12:30:22.097+0000] {processor.py:161} INFO - Started process (PID=197) to work on /opt/airflow/dags/ecom_dag.py
[2024-06-17T12:30:22.098+0000] {processor.py:830} INFO - Processing file /opt/airflow/dags/ecom_dag.py for tasks to queue
[2024-06-17T12:30:22.100+0000] {logging_mixin.py:188} INFO - [2024-06-17T12:30:22.100+0000] {dagbag.py:545} INFO - Filling up the DagBag from /opt/airflow/dags/ecom_dag.py
[2024-06-17T12:30:22.120+0000] {processor.py:840} INFO - DAG(s) 'etl_ecomerc_pipeline' retrieved from /opt/airflow/dags/ecom_dag.py
[2024-06-17T12:30:22.149+0000] {logging_mixin.py:188} INFO - [2024-06-17T12:30:22.148+0000] {dag.py:3096} INFO - Sync 1 DAGs
[2024-06-17T12:30:22.177+0000] {logging_mixin.py:188} INFO - [2024-06-17T12:30:22.177+0000] {dag.py:3954} INFO - Setting next_dagrun for etl_ecomerc_pipeline to 2024-06-17 00:00:00+00:00, run_after=2024-06-18 00:00:00+00:00
[2024-06-17T12:30:22.196+0000] {processor.py:183} INFO - Processing /opt/airflow/dags/ecom_dag.py took 0.104 seconds
[2024-06-17T12:30:26.209+0000] {processor.py:161} INFO - Started process (PID=202) to work on /opt/airflow/dags/ecom_dag.py
[2024-06-17T12:30:26.210+0000] {processor.py:830} INFO - Processing file /opt/airflow/dags/ecom_dag.py for tasks to queue
[2024-06-17T12:30:26.212+0000] {logging_mixin.py:188} INFO - [2024-06-17T12:30:26.212+0000] {dagbag.py:545} INFO - Filling up the DagBag from /opt/airflow/dags/ecom_dag.py
[2024-06-17T12:30:26.239+0000] {logging_mixin.py:188} INFO - [2024-06-17T12:30:26.236+0000] {dagbag.py:452} ERROR - Failed to bag_dag: /opt/airflow/dags/ecom_dag.py
Traceback (most recent call last):
  File "/home/airflow/.local/lib/python3.12/site-packages/airflow/timetables/_cron.py", line 100, in validate
    croniter(self._expression)
  File "/home/airflow/.local/lib/python3.12/site-packages/croniter/croniter.py", line 187, in __init__
    self.expanded, self.nth_weekday_of_month = self.expand(expr_format, hash_id=hash_id)
                                               ^^^^^^^^^^^^^^^^^^^^^^^^^^^^^^^^^^^^^^^^^
  File "/home/airflow/.local/lib/python3.12/site-packages/croniter/croniter.py", line 821, in expand
    return cls._expand(expr_format, hash_id=hash_id)
           ^^^^^^^^^^^^^^^^^^^^^^^^^^^^^^^^^^^^^^^^^
  File "/home/airflow/.local/lib/python3.12/site-packages/croniter/croniter.py", line 659, in _expand
    raise CroniterBadCronError(cls.bad_length)
croniter.croniter.CroniterBadCronError: Exactly 5 or 6 columns has to be specified for iterator expression.

During handling of the above exception, another exception occurred:

Traceback (most recent call last):
  File "/home/airflow/.local/lib/python3.12/site-packages/airflow/models/dagbag.py", line 447, in _process_modules
    dag.validate()
  File "/home/airflow/.local/lib/python3.12/site-packages/airflow/models/dag.py", line 775, in validate
    self.timetable.validate()
  File "/home/airflow/.local/lib/python3.12/site-packages/airflow/timetables/_cron.py", line 102, in validate
    raise AirflowTimetableInvalid(str(e))
airflow.exceptions.AirflowTimetableInvalid: Exactly 5 or 6 columns has to be specified for iterator expression.
[2024-06-17T12:30:26.239+0000] {processor.py:842} WARNING - No viable dags retrieved from /opt/airflow/dags/ecom_dag.py
[2024-06-17T12:30:26.258+0000] {processor.py:183} INFO - Processing /opt/airflow/dags/ecom_dag.py took 0.053 seconds
[2024-06-17T12:30:28.276+0000] {processor.py:161} INFO - Started process (PID=207) to work on /opt/airflow/dags/ecom_dag.py
[2024-06-17T12:30:28.277+0000] {processor.py:830} INFO - Processing file /opt/airflow/dags/ecom_dag.py for tasks to queue
[2024-06-17T12:30:28.279+0000] {logging_mixin.py:188} INFO - [2024-06-17T12:30:28.278+0000] {dagbag.py:545} INFO - Filling up the DagBag from /opt/airflow/dags/ecom_dag.py
[2024-06-17T12:30:28.304+0000] {logging_mixin.py:188} INFO - [2024-06-17T12:30:28.302+0000] {dagbag.py:452} ERROR - Failed to bag_dag: /opt/airflow/dags/ecom_dag.py
Traceback (most recent call last):
  File "/home/airflow/.local/lib/python3.12/site-packages/airflow/timetables/_cron.py", line 100, in validate
    croniter(self._expression)
  File "/home/airflow/.local/lib/python3.12/site-packages/croniter/croniter.py", line 187, in __init__
    self.expanded, self.nth_weekday_of_month = self.expand(expr_format, hash_id=hash_id)
                                               ^^^^^^^^^^^^^^^^^^^^^^^^^^^^^^^^^^^^^^^^^
  File "/home/airflow/.local/lib/python3.12/site-packages/croniter/croniter.py", line 821, in expand
    return cls._expand(expr_format, hash_id=hash_id)
           ^^^^^^^^^^^^^^^^^^^^^^^^^^^^^^^^^^^^^^^^^
  File "/home/airflow/.local/lib/python3.12/site-packages/croniter/croniter.py", line 659, in _expand
    raise CroniterBadCronError(cls.bad_length)
croniter.croniter.CroniterBadCronError: Exactly 5 or 6 columns has to be specified for iterator expression.

During handling of the above exception, another exception occurred:

Traceback (most recent call last):
  File "/home/airflow/.local/lib/python3.12/site-packages/airflow/models/dagbag.py", line 447, in _process_modules
    dag.validate()
  File "/home/airflow/.local/lib/python3.12/site-packages/airflow/models/dag.py", line 775, in validate
    self.timetable.validate()
  File "/home/airflow/.local/lib/python3.12/site-packages/airflow/timetables/_cron.py", line 102, in validate
    raise AirflowTimetableInvalid(str(e))
airflow.exceptions.AirflowTimetableInvalid: Exactly 5 or 6 columns has to be specified for iterator expression.
[2024-06-17T12:30:28.305+0000] {processor.py:842} WARNING - No viable dags retrieved from /opt/airflow/dags/ecom_dag.py
[2024-06-17T12:30:28.325+0000] {processor.py:183} INFO - Processing /opt/airflow/dags/ecom_dag.py took 0.055 seconds
[2024-06-17T12:30:29.320+0000] {processor.py:161} INFO - Started process (PID=212) to work on /opt/airflow/dags/ecom_dag.py
[2024-06-17T12:30:29.321+0000] {processor.py:830} INFO - Processing file /opt/airflow/dags/ecom_dag.py for tasks to queue
[2024-06-17T12:30:29.323+0000] {logging_mixin.py:188} INFO - [2024-06-17T12:30:29.322+0000] {dagbag.py:545} INFO - Filling up the DagBag from /opt/airflow/dags/ecom_dag.py
[2024-06-17T12:30:29.346+0000] {logging_mixin.py:188} INFO - [2024-06-17T12:30:29.344+0000] {dagbag.py:452} ERROR - Failed to bag_dag: /opt/airflow/dags/ecom_dag.py
Traceback (most recent call last):
  File "/home/airflow/.local/lib/python3.12/site-packages/airflow/timetables/_cron.py", line 100, in validate
    croniter(self._expression)
  File "/home/airflow/.local/lib/python3.12/site-packages/croniter/croniter.py", line 187, in __init__
    self.expanded, self.nth_weekday_of_month = self.expand(expr_format, hash_id=hash_id)
                                               ^^^^^^^^^^^^^^^^^^^^^^^^^^^^^^^^^^^^^^^^^
  File "/home/airflow/.local/lib/python3.12/site-packages/croniter/croniter.py", line 821, in expand
    return cls._expand(expr_format, hash_id=hash_id)
           ^^^^^^^^^^^^^^^^^^^^^^^^^^^^^^^^^^^^^^^^^
  File "/home/airflow/.local/lib/python3.12/site-packages/croniter/croniter.py", line 659, in _expand
    raise CroniterBadCronError(cls.bad_length)
croniter.croniter.CroniterBadCronError: Exactly 5 or 6 columns has to be specified for iterator expression.

During handling of the above exception, another exception occurred:

Traceback (most recent call last):
  File "/home/airflow/.local/lib/python3.12/site-packages/airflow/models/dagbag.py", line 447, in _process_modules
    dag.validate()
  File "/home/airflow/.local/lib/python3.12/site-packages/airflow/models/dag.py", line 775, in validate
    self.timetable.validate()
  File "/home/airflow/.local/lib/python3.12/site-packages/airflow/timetables/_cron.py", line 102, in validate
    raise AirflowTimetableInvalid(str(e))
airflow.exceptions.AirflowTimetableInvalid: Exactly 5 or 6 columns has to be specified for iterator expression.
[2024-06-17T12:30:29.347+0000] {processor.py:842} WARNING - No viable dags retrieved from /opt/airflow/dags/ecom_dag.py
[2024-06-17T12:30:29.366+0000] {processor.py:183} INFO - Processing /opt/airflow/dags/ecom_dag.py took 0.049 seconds
[2024-06-17T12:30:31.389+0000] {processor.py:161} INFO - Started process (PID=217) to work on /opt/airflow/dags/ecom_dag.py
[2024-06-17T12:30:31.390+0000] {processor.py:830} INFO - Processing file /opt/airflow/dags/ecom_dag.py for tasks to queue
[2024-06-17T12:30:31.392+0000] {logging_mixin.py:188} INFO - [2024-06-17T12:30:31.392+0000] {dagbag.py:545} INFO - Filling up the DagBag from /opt/airflow/dags/ecom_dag.py
[2024-06-17T12:30:31.422+0000] {processor.py:840} INFO - DAG(s) 'etl_ecomerc_pipeline' retrieved from /opt/airflow/dags/ecom_dag.py
[2024-06-17T12:30:31.518+0000] {logging_mixin.py:188} INFO - [2024-06-17T12:30:31.518+0000] {dag.py:3096} INFO - Sync 1 DAGs
[2024-06-17T12:30:31.539+0000] {logging_mixin.py:188} INFO - [2024-06-17T12:30:31.539+0000] {dag.py:3954} INFO - Setting next_dagrun for etl_ecomerc_pipeline to 2024-07-01 00:00:00+00:00, run_after=2024-08-01 00:00:00+00:00
[2024-06-17T12:30:31.560+0000] {processor.py:183} INFO - Processing /opt/airflow/dags/ecom_dag.py took 0.175 seconds
[2024-06-17T12:31:01.733+0000] {processor.py:161} INFO - Started process (PID=228) to work on /opt/airflow/dags/ecom_dag.py
[2024-06-17T12:31:01.734+0000] {processor.py:830} INFO - Processing file /opt/airflow/dags/ecom_dag.py for tasks to queue
[2024-06-17T12:31:01.736+0000] {logging_mixin.py:188} INFO - [2024-06-17T12:31:01.736+0000] {dagbag.py:545} INFO - Filling up the DagBag from /opt/airflow/dags/ecom_dag.py
[2024-06-17T12:31:01.757+0000] {processor.py:840} INFO - DAG(s) 'etl_ecomerc_pipeline' retrieved from /opt/airflow/dags/ecom_dag.py
[2024-06-17T12:31:01.784+0000] {logging_mixin.py:188} INFO - [2024-06-17T12:31:01.783+0000] {dag.py:3096} INFO - Sync 1 DAGs
[2024-06-17T12:31:01.805+0000] {logging_mixin.py:188} INFO - [2024-06-17T12:31:01.805+0000] {dag.py:3954} INFO - Setting next_dagrun for etl_ecomerc_pipeline to 2024-07-01 00:00:00+00:00, run_after=2024-08-01 00:00:00+00:00
[2024-06-17T12:31:01.825+0000] {processor.py:183} INFO - Processing /opt/airflow/dags/ecom_dag.py took 0.096 seconds
[2024-06-17T12:31:31.903+0000] {processor.py:161} INFO - Started process (PID=239) to work on /opt/airflow/dags/ecom_dag.py
[2024-06-17T12:31:31.904+0000] {processor.py:830} INFO - Processing file /opt/airflow/dags/ecom_dag.py for tasks to queue
[2024-06-17T12:31:31.907+0000] {logging_mixin.py:188} INFO - [2024-06-17T12:31:31.906+0000] {dagbag.py:545} INFO - Filling up the DagBag from /opt/airflow/dags/ecom_dag.py
[2024-06-17T12:31:31.927+0000] {processor.py:840} INFO - DAG(s) 'etl_ecomerc_pipeline' retrieved from /opt/airflow/dags/ecom_dag.py
[2024-06-17T12:31:31.956+0000] {logging_mixin.py:188} INFO - [2024-06-17T12:31:31.955+0000] {dag.py:3096} INFO - Sync 1 DAGs
[2024-06-17T12:31:31.978+0000] {logging_mixin.py:188} INFO - [2024-06-17T12:31:31.978+0000] {dag.py:3954} INFO - Setting next_dagrun for etl_ecomerc_pipeline to 2024-07-01 00:00:00+00:00, run_after=2024-08-01 00:00:00+00:00
[2024-06-17T12:31:32.000+0000] {processor.py:183} INFO - Processing /opt/airflow/dags/ecom_dag.py took 0.102 seconds
[2024-06-17T12:32:02.191+0000] {processor.py:161} INFO - Started process (PID=252) to work on /opt/airflow/dags/ecom_dag.py
[2024-06-17T12:32:02.192+0000] {processor.py:830} INFO - Processing file /opt/airflow/dags/ecom_dag.py for tasks to queue
[2024-06-17T12:32:02.194+0000] {logging_mixin.py:188} INFO - [2024-06-17T12:32:02.193+0000] {dagbag.py:545} INFO - Filling up the DagBag from /opt/airflow/dags/ecom_dag.py
[2024-06-17T12:32:02.211+0000] {processor.py:840} INFO - DAG(s) 'etl_ecomerc_pipeline' retrieved from /opt/airflow/dags/ecom_dag.py
[2024-06-17T12:32:02.236+0000] {logging_mixin.py:188} INFO - [2024-06-17T12:32:02.236+0000] {dag.py:3096} INFO - Sync 1 DAGs
[2024-06-17T12:32:02.257+0000] {logging_mixin.py:188} INFO - [2024-06-17T12:32:02.256+0000] {dag.py:3954} INFO - Setting next_dagrun for etl_ecomerc_pipeline to 2024-07-01 00:00:00+00:00, run_after=2024-08-01 00:00:00+00:00
[2024-06-17T12:32:02.275+0000] {processor.py:183} INFO - Processing /opt/airflow/dags/ecom_dag.py took 0.089 seconds
[2024-06-17T12:32:32.374+0000] {processor.py:161} INFO - Started process (PID=263) to work on /opt/airflow/dags/ecom_dag.py
[2024-06-17T12:32:32.375+0000] {processor.py:830} INFO - Processing file /opt/airflow/dags/ecom_dag.py for tasks to queue
[2024-06-17T12:32:32.377+0000] {logging_mixin.py:188} INFO - [2024-06-17T12:32:32.376+0000] {dagbag.py:545} INFO - Filling up the DagBag from /opt/airflow/dags/ecom_dag.py
[2024-06-17T12:32:32.401+0000] {processor.py:840} INFO - DAG(s) 'etl_ecomerc_pipeline' retrieved from /opt/airflow/dags/ecom_dag.py
[2024-06-17T12:32:32.431+0000] {logging_mixin.py:188} INFO - [2024-06-17T12:32:32.430+0000] {dag.py:3096} INFO - Sync 1 DAGs
[2024-06-17T12:32:32.457+0000] {logging_mixin.py:188} INFO - [2024-06-17T12:32:32.456+0000] {dag.py:3954} INFO - Setting next_dagrun for etl_ecomerc_pipeline to 2024-07-01 00:00:00+00:00, run_after=2024-08-01 00:00:00+00:00
[2024-06-17T12:32:32.481+0000] {processor.py:183} INFO - Processing /opt/airflow/dags/ecom_dag.py took 0.113 seconds
[2024-06-17T12:33:02.620+0000] {processor.py:161} INFO - Started process (PID=274) to work on /opt/airflow/dags/ecom_dag.py
[2024-06-17T12:33:02.621+0000] {processor.py:830} INFO - Processing file /opt/airflow/dags/ecom_dag.py for tasks to queue
[2024-06-17T12:33:02.623+0000] {logging_mixin.py:188} INFO - [2024-06-17T12:33:02.623+0000] {dagbag.py:545} INFO - Filling up the DagBag from /opt/airflow/dags/ecom_dag.py
[2024-06-17T12:33:02.640+0000] {processor.py:840} INFO - DAG(s) 'etl_ecomerc_pipeline' retrieved from /opt/airflow/dags/ecom_dag.py
[2024-06-17T12:33:02.664+0000] {logging_mixin.py:188} INFO - [2024-06-17T12:33:02.664+0000] {dag.py:3096} INFO - Sync 1 DAGs
[2024-06-17T12:33:02.688+0000] {logging_mixin.py:188} INFO - [2024-06-17T12:33:02.687+0000] {dag.py:3954} INFO - Setting next_dagrun for etl_ecomerc_pipeline to 2024-07-01 00:00:00+00:00, run_after=2024-08-01 00:00:00+00:00
[2024-06-17T12:33:02.707+0000] {processor.py:183} INFO - Processing /opt/airflow/dags/ecom_dag.py took 0.092 seconds
[2024-06-17T12:33:32.833+0000] {processor.py:161} INFO - Started process (PID=285) to work on /opt/airflow/dags/ecom_dag.py
[2024-06-17T12:33:32.834+0000] {processor.py:830} INFO - Processing file /opt/airflow/dags/ecom_dag.py for tasks to queue
[2024-06-17T12:33:32.835+0000] {logging_mixin.py:188} INFO - [2024-06-17T12:33:32.835+0000] {dagbag.py:545} INFO - Filling up the DagBag from /opt/airflow/dags/ecom_dag.py
[2024-06-17T12:33:32.852+0000] {processor.py:840} INFO - DAG(s) 'etl_ecomerc_pipeline' retrieved from /opt/airflow/dags/ecom_dag.py
[2024-06-17T12:33:32.876+0000] {logging_mixin.py:188} INFO - [2024-06-17T12:33:32.876+0000] {dag.py:3096} INFO - Sync 1 DAGs
[2024-06-17T12:33:32.898+0000] {logging_mixin.py:188} INFO - [2024-06-17T12:33:32.898+0000] {dag.py:3954} INFO - Setting next_dagrun for etl_ecomerc_pipeline to 2024-07-01 00:00:00+00:00, run_after=2024-08-01 00:00:00+00:00
[2024-06-17T12:33:32.917+0000] {processor.py:183} INFO - Processing /opt/airflow/dags/ecom_dag.py took 0.089 seconds
[2024-06-17T12:34:03.053+0000] {processor.py:161} INFO - Started process (PID=296) to work on /opt/airflow/dags/ecom_dag.py
[2024-06-17T12:34:03.055+0000] {processor.py:830} INFO - Processing file /opt/airflow/dags/ecom_dag.py for tasks to queue
[2024-06-17T12:34:03.058+0000] {logging_mixin.py:188} INFO - [2024-06-17T12:34:03.057+0000] {dagbag.py:545} INFO - Filling up the DagBag from /opt/airflow/dags/ecom_dag.py
[2024-06-17T12:34:03.076+0000] {processor.py:840} INFO - DAG(s) 'etl_ecomerc_pipeline' retrieved from /opt/airflow/dags/ecom_dag.py
[2024-06-17T12:34:03.105+0000] {logging_mixin.py:188} INFO - [2024-06-17T12:34:03.105+0000] {dag.py:3096} INFO - Sync 1 DAGs
[2024-06-17T12:34:03.126+0000] {logging_mixin.py:188} INFO - [2024-06-17T12:34:03.125+0000] {dag.py:3954} INFO - Setting next_dagrun for etl_ecomerc_pipeline to 2024-07-01 00:00:00+00:00, run_after=2024-08-01 00:00:00+00:00
[2024-06-17T12:34:03.147+0000] {processor.py:183} INFO - Processing /opt/airflow/dags/ecom_dag.py took 0.098 seconds
[2024-06-17T12:34:33.296+0000] {processor.py:161} INFO - Started process (PID=307) to work on /opt/airflow/dags/ecom_dag.py
[2024-06-17T12:34:33.297+0000] {processor.py:830} INFO - Processing file /opt/airflow/dags/ecom_dag.py for tasks to queue
[2024-06-17T12:34:33.299+0000] {logging_mixin.py:188} INFO - [2024-06-17T12:34:33.298+0000] {dagbag.py:545} INFO - Filling up the DagBag from /opt/airflow/dags/ecom_dag.py
[2024-06-17T12:34:33.315+0000] {processor.py:840} INFO - DAG(s) 'etl_ecomerc_pipeline' retrieved from /opt/airflow/dags/ecom_dag.py
[2024-06-17T12:34:33.341+0000] {logging_mixin.py:188} INFO - [2024-06-17T12:34:33.341+0000] {dag.py:3096} INFO - Sync 1 DAGs
[2024-06-17T12:34:33.364+0000] {logging_mixin.py:188} INFO - [2024-06-17T12:34:33.364+0000] {dag.py:3954} INFO - Setting next_dagrun for etl_ecomerc_pipeline to 2024-07-01 00:00:00+00:00, run_after=2024-08-01 00:00:00+00:00
[2024-06-17T12:34:33.386+0000] {processor.py:183} INFO - Processing /opt/airflow/dags/ecom_dag.py took 0.095 seconds
[2024-06-17T12:35:03.501+0000] {processor.py:161} INFO - Started process (PID=318) to work on /opt/airflow/dags/ecom_dag.py
[2024-06-17T12:35:03.502+0000] {processor.py:830} INFO - Processing file /opt/airflow/dags/ecom_dag.py for tasks to queue
[2024-06-17T12:35:03.504+0000] {logging_mixin.py:188} INFO - [2024-06-17T12:35:03.503+0000] {dagbag.py:545} INFO - Filling up the DagBag from /opt/airflow/dags/ecom_dag.py
[2024-06-17T12:35:03.522+0000] {processor.py:840} INFO - DAG(s) 'etl_ecomerc_pipeline' retrieved from /opt/airflow/dags/ecom_dag.py
[2024-06-17T12:35:03.548+0000] {logging_mixin.py:188} INFO - [2024-06-17T12:35:03.548+0000] {dag.py:3096} INFO - Sync 1 DAGs
[2024-06-17T12:35:03.569+0000] {logging_mixin.py:188} INFO - [2024-06-17T12:35:03.569+0000] {dag.py:3954} INFO - Setting next_dagrun for etl_ecomerc_pipeline to 2024-07-01 00:00:00+00:00, run_after=2024-08-01 00:00:00+00:00
[2024-06-17T12:35:03.586+0000] {processor.py:183} INFO - Processing /opt/airflow/dags/ecom_dag.py took 0.092 seconds
[2024-06-17T12:35:33.733+0000] {processor.py:161} INFO - Started process (PID=329) to work on /opt/airflow/dags/ecom_dag.py
[2024-06-17T12:35:33.734+0000] {processor.py:830} INFO - Processing file /opt/airflow/dags/ecom_dag.py for tasks to queue
[2024-06-17T12:35:33.736+0000] {logging_mixin.py:188} INFO - [2024-06-17T12:35:33.735+0000] {dagbag.py:545} INFO - Filling up the DagBag from /opt/airflow/dags/ecom_dag.py
[2024-06-17T12:35:33.754+0000] {processor.py:840} INFO - DAG(s) 'etl_ecomerc_pipeline' retrieved from /opt/airflow/dags/ecom_dag.py
[2024-06-17T12:35:33.779+0000] {logging_mixin.py:188} INFO - [2024-06-17T12:35:33.779+0000] {dag.py:3096} INFO - Sync 1 DAGs
[2024-06-17T12:35:33.800+0000] {logging_mixin.py:188} INFO - [2024-06-17T12:35:33.800+0000] {dag.py:3954} INFO - Setting next_dagrun for etl_ecomerc_pipeline to 2024-07-01 00:00:00+00:00, run_after=2024-08-01 00:00:00+00:00
[2024-06-17T12:35:33.820+0000] {processor.py:183} INFO - Processing /opt/airflow/dags/ecom_dag.py took 0.092 seconds
[2024-06-17T12:36:03.917+0000] {processor.py:161} INFO - Started process (PID=340) to work on /opt/airflow/dags/ecom_dag.py
[2024-06-17T12:36:03.919+0000] {processor.py:830} INFO - Processing file /opt/airflow/dags/ecom_dag.py for tasks to queue
[2024-06-17T12:36:03.922+0000] {logging_mixin.py:188} INFO - [2024-06-17T12:36:03.921+0000] {dagbag.py:545} INFO - Filling up the DagBag from /opt/airflow/dags/ecom_dag.py
[2024-06-17T12:36:03.945+0000] {processor.py:840} INFO - DAG(s) 'etl_ecomerc_pipeline' retrieved from /opt/airflow/dags/ecom_dag.py
[2024-06-17T12:36:03.979+0000] {logging_mixin.py:188} INFO - [2024-06-17T12:36:03.979+0000] {dag.py:3096} INFO - Sync 1 DAGs
[2024-06-17T12:36:04.002+0000] {logging_mixin.py:188} INFO - [2024-06-17T12:36:04.002+0000] {dag.py:3954} INFO - Setting next_dagrun for etl_ecomerc_pipeline to 2024-07-01 00:00:00+00:00, run_after=2024-08-01 00:00:00+00:00
[2024-06-17T12:36:04.020+0000] {processor.py:183} INFO - Processing /opt/airflow/dags/ecom_dag.py took 0.110 seconds
[2024-06-17T12:36:34.186+0000] {processor.py:161} INFO - Started process (PID=352) to work on /opt/airflow/dags/ecom_dag.py
[2024-06-17T12:36:34.187+0000] {processor.py:830} INFO - Processing file /opt/airflow/dags/ecom_dag.py for tasks to queue
[2024-06-17T12:36:34.188+0000] {logging_mixin.py:188} INFO - [2024-06-17T12:36:34.188+0000] {dagbag.py:545} INFO - Filling up the DagBag from /opt/airflow/dags/ecom_dag.py
[2024-06-17T12:36:34.204+0000] {processor.py:840} INFO - DAG(s) 'etl_ecomerc_pipeline' retrieved from /opt/airflow/dags/ecom_dag.py
[2024-06-17T12:36:34.228+0000] {logging_mixin.py:188} INFO - [2024-06-17T12:36:34.228+0000] {dag.py:3096} INFO - Sync 1 DAGs
[2024-06-17T12:36:34.249+0000] {logging_mixin.py:188} INFO - [2024-06-17T12:36:34.249+0000] {dag.py:3954} INFO - Setting next_dagrun for etl_ecomerc_pipeline to 2024-07-01 00:00:00+00:00, run_after=2024-08-01 00:00:00+00:00
[2024-06-17T12:36:34.269+0000] {processor.py:183} INFO - Processing /opt/airflow/dags/ecom_dag.py took 0.088 seconds
[2024-06-17T12:37:04.370+0000] {processor.py:161} INFO - Started process (PID=363) to work on /opt/airflow/dags/ecom_dag.py
[2024-06-17T12:37:04.371+0000] {processor.py:830} INFO - Processing file /opt/airflow/dags/ecom_dag.py for tasks to queue
[2024-06-17T12:37:04.372+0000] {logging_mixin.py:188} INFO - [2024-06-17T12:37:04.372+0000] {dagbag.py:545} INFO - Filling up the DagBag from /opt/airflow/dags/ecom_dag.py
[2024-06-17T12:37:04.390+0000] {processor.py:840} INFO - DAG(s) 'etl_ecomerc_pipeline' retrieved from /opt/airflow/dags/ecom_dag.py
[2024-06-17T12:37:04.414+0000] {logging_mixin.py:188} INFO - [2024-06-17T12:37:04.414+0000] {dag.py:3096} INFO - Sync 1 DAGs
[2024-06-17T12:37:04.436+0000] {logging_mixin.py:188} INFO - [2024-06-17T12:37:04.436+0000] {dag.py:3954} INFO - Setting next_dagrun for etl_ecomerc_pipeline to 2024-07-01 00:00:00+00:00, run_after=2024-08-01 00:00:00+00:00
[2024-06-17T12:37:04.464+0000] {processor.py:183} INFO - Processing /opt/airflow/dags/ecom_dag.py took 0.098 seconds
[2024-06-17T12:37:34.614+0000] {processor.py:161} INFO - Started process (PID=374) to work on /opt/airflow/dags/ecom_dag.py
[2024-06-17T12:37:34.615+0000] {processor.py:830} INFO - Processing file /opt/airflow/dags/ecom_dag.py for tasks to queue
[2024-06-17T12:37:34.616+0000] {logging_mixin.py:188} INFO - [2024-06-17T12:37:34.616+0000] {dagbag.py:545} INFO - Filling up the DagBag from /opt/airflow/dags/ecom_dag.py
[2024-06-17T12:37:34.634+0000] {processor.py:840} INFO - DAG(s) 'etl_ecomerc_pipeline' retrieved from /opt/airflow/dags/ecom_dag.py
[2024-06-17T12:37:34.659+0000] {logging_mixin.py:188} INFO - [2024-06-17T12:37:34.658+0000] {dag.py:3096} INFO - Sync 1 DAGs
[2024-06-17T12:37:34.680+0000] {logging_mixin.py:188} INFO - [2024-06-17T12:37:34.680+0000] {dag.py:3954} INFO - Setting next_dagrun for etl_ecomerc_pipeline to 2024-07-01 00:00:00+00:00, run_after=2024-08-01 00:00:00+00:00
[2024-06-17T12:37:34.702+0000] {processor.py:183} INFO - Processing /opt/airflow/dags/ecom_dag.py took 0.092 seconds
[2024-06-17T12:38:04.804+0000] {processor.py:161} INFO - Started process (PID=385) to work on /opt/airflow/dags/ecom_dag.py
[2024-06-17T12:38:04.805+0000] {processor.py:830} INFO - Processing file /opt/airflow/dags/ecom_dag.py for tasks to queue
[2024-06-17T12:38:04.807+0000] {logging_mixin.py:188} INFO - [2024-06-17T12:38:04.806+0000] {dagbag.py:545} INFO - Filling up the DagBag from /opt/airflow/dags/ecom_dag.py
[2024-06-17T12:38:04.826+0000] {processor.py:840} INFO - DAG(s) 'etl_ecomerc_pipeline' retrieved from /opt/airflow/dags/ecom_dag.py
[2024-06-17T12:38:04.853+0000] {logging_mixin.py:188} INFO - [2024-06-17T12:38:04.852+0000] {dag.py:3096} INFO - Sync 1 DAGs
[2024-06-17T12:38:04.873+0000] {logging_mixin.py:188} INFO - [2024-06-17T12:38:04.873+0000] {dag.py:3954} INFO - Setting next_dagrun for etl_ecomerc_pipeline to 2024-07-01 00:00:00+00:00, run_after=2024-08-01 00:00:00+00:00
[2024-06-17T12:38:04.892+0000] {processor.py:183} INFO - Processing /opt/airflow/dags/ecom_dag.py took 0.094 seconds
[2024-06-17T12:38:35.047+0000] {processor.py:161} INFO - Started process (PID=396) to work on /opt/airflow/dags/ecom_dag.py
[2024-06-17T12:38:35.048+0000] {processor.py:830} INFO - Processing file /opt/airflow/dags/ecom_dag.py for tasks to queue
[2024-06-17T12:38:35.049+0000] {logging_mixin.py:188} INFO - [2024-06-17T12:38:35.049+0000] {dagbag.py:545} INFO - Filling up the DagBag from /opt/airflow/dags/ecom_dag.py
[2024-06-17T12:38:35.067+0000] {processor.py:840} INFO - DAG(s) 'etl_ecomerc_pipeline' retrieved from /opt/airflow/dags/ecom_dag.py
[2024-06-17T12:38:35.089+0000] {logging_mixin.py:188} INFO - [2024-06-17T12:38:35.089+0000] {dag.py:3096} INFO - Sync 1 DAGs
[2024-06-17T12:38:35.109+0000] {logging_mixin.py:188} INFO - [2024-06-17T12:38:35.109+0000] {dag.py:3954} INFO - Setting next_dagrun for etl_ecomerc_pipeline to 2024-07-01 00:00:00+00:00, run_after=2024-08-01 00:00:00+00:00
[2024-06-17T12:38:35.128+0000] {processor.py:183} INFO - Processing /opt/airflow/dags/ecom_dag.py took 0.085 seconds
[2024-06-17T12:39:05.215+0000] {processor.py:161} INFO - Started process (PID=409) to work on /opt/airflow/dags/ecom_dag.py
[2024-06-17T12:39:05.216+0000] {processor.py:830} INFO - Processing file /opt/airflow/dags/ecom_dag.py for tasks to queue
[2024-06-17T12:39:05.218+0000] {logging_mixin.py:188} INFO - [2024-06-17T12:39:05.218+0000] {dagbag.py:545} INFO - Filling up the DagBag from /opt/airflow/dags/ecom_dag.py
[2024-06-17T12:39:05.234+0000] {processor.py:840} INFO - DAG(s) 'etl_ecomerc_pipeline' retrieved from /opt/airflow/dags/ecom_dag.py
[2024-06-17T12:39:05.259+0000] {logging_mixin.py:188} INFO - [2024-06-17T12:39:05.259+0000] {dag.py:3096} INFO - Sync 1 DAGs
[2024-06-17T12:39:05.281+0000] {logging_mixin.py:188} INFO - [2024-06-17T12:39:05.280+0000] {dag.py:3954} INFO - Setting next_dagrun for etl_ecomerc_pipeline to 2024-07-01 00:00:00+00:00, run_after=2024-08-01 00:00:00+00:00
[2024-06-17T12:39:05.298+0000] {processor.py:183} INFO - Processing /opt/airflow/dags/ecom_dag.py took 0.087 seconds
[2024-06-17T12:39:35.513+0000] {processor.py:161} INFO - Started process (PID=420) to work on /opt/airflow/dags/ecom_dag.py
[2024-06-17T12:39:35.514+0000] {processor.py:830} INFO - Processing file /opt/airflow/dags/ecom_dag.py for tasks to queue
[2024-06-17T12:39:35.516+0000] {logging_mixin.py:188} INFO - [2024-06-17T12:39:35.515+0000] {dagbag.py:545} INFO - Filling up the DagBag from /opt/airflow/dags/ecom_dag.py
[2024-06-17T12:39:35.541+0000] {processor.py:840} INFO - DAG(s) 'etl_ecomerc_pipeline' retrieved from /opt/airflow/dags/ecom_dag.py
[2024-06-17T12:39:35.579+0000] {logging_mixin.py:188} INFO - [2024-06-17T12:39:35.579+0000] {dag.py:3096} INFO - Sync 1 DAGs
[2024-06-17T12:39:35.601+0000] {logging_mixin.py:188} INFO - [2024-06-17T12:39:35.601+0000] {dag.py:3954} INFO - Setting next_dagrun for etl_ecomerc_pipeline to 2024-07-01 00:00:00+00:00, run_after=2024-08-01 00:00:00+00:00
[2024-06-17T12:39:35.623+0000] {processor.py:183} INFO - Processing /opt/airflow/dags/ecom_dag.py took 0.118 seconds
[2024-06-17T12:40:05.691+0000] {processor.py:161} INFO - Started process (PID=431) to work on /opt/airflow/dags/ecom_dag.py
[2024-06-17T12:40:05.693+0000] {processor.py:830} INFO - Processing file /opt/airflow/dags/ecom_dag.py for tasks to queue
[2024-06-17T12:40:05.696+0000] {logging_mixin.py:188} INFO - [2024-06-17T12:40:05.695+0000] {dagbag.py:545} INFO - Filling up the DagBag from /opt/airflow/dags/ecom_dag.py
[2024-06-17T12:40:05.714+0000] {processor.py:840} INFO - DAG(s) 'etl_ecomerc_pipeline' retrieved from /opt/airflow/dags/ecom_dag.py
[2024-06-17T12:40:05.744+0000] {logging_mixin.py:188} INFO - [2024-06-17T12:40:05.743+0000] {dag.py:3096} INFO - Sync 1 DAGs
[2024-06-17T12:40:05.771+0000] {logging_mixin.py:188} INFO - [2024-06-17T12:40:05.771+0000] {dag.py:3954} INFO - Setting next_dagrun for etl_ecomerc_pipeline to 2024-07-01 00:00:00+00:00, run_after=2024-08-01 00:00:00+00:00
[2024-06-17T12:40:05.798+0000] {processor.py:183} INFO - Processing /opt/airflow/dags/ecom_dag.py took 0.113 seconds
[2024-06-17T12:40:35.957+0000] {processor.py:161} INFO - Started process (PID=442) to work on /opt/airflow/dags/ecom_dag.py
[2024-06-17T12:40:35.958+0000] {processor.py:830} INFO - Processing file /opt/airflow/dags/ecom_dag.py for tasks to queue
[2024-06-17T12:40:35.960+0000] {logging_mixin.py:188} INFO - [2024-06-17T12:40:35.959+0000] {dagbag.py:545} INFO - Filling up the DagBag from /opt/airflow/dags/ecom_dag.py
[2024-06-17T12:40:35.978+0000] {processor.py:840} INFO - DAG(s) 'etl_ecomerc_pipeline' retrieved from /opt/airflow/dags/ecom_dag.py
[2024-06-17T12:40:36.009+0000] {logging_mixin.py:188} INFO - [2024-06-17T12:40:36.009+0000] {dag.py:3096} INFO - Sync 1 DAGs
[2024-06-17T12:40:36.034+0000] {logging_mixin.py:188} INFO - [2024-06-17T12:40:36.034+0000] {dag.py:3954} INFO - Setting next_dagrun for etl_ecomerc_pipeline to 2024-07-01 00:00:00+00:00, run_after=2024-08-01 00:00:00+00:00
[2024-06-17T12:40:36.052+0000] {processor.py:183} INFO - Processing /opt/airflow/dags/ecom_dag.py took 0.100 seconds
[2024-06-17T12:41:06.132+0000] {processor.py:161} INFO - Started process (PID=453) to work on /opt/airflow/dags/ecom_dag.py
[2024-06-17T12:41:06.133+0000] {processor.py:830} INFO - Processing file /opt/airflow/dags/ecom_dag.py for tasks to queue
[2024-06-17T12:41:06.134+0000] {logging_mixin.py:188} INFO - [2024-06-17T12:41:06.134+0000] {dagbag.py:545} INFO - Filling up the DagBag from /opt/airflow/dags/ecom_dag.py
[2024-06-17T12:41:06.152+0000] {processor.py:840} INFO - DAG(s) 'etl_ecomerc_pipeline' retrieved from /opt/airflow/dags/ecom_dag.py
[2024-06-17T12:41:06.178+0000] {logging_mixin.py:188} INFO - [2024-06-17T12:41:06.178+0000] {dag.py:3096} INFO - Sync 1 DAGs
[2024-06-17T12:41:06.198+0000] {logging_mixin.py:188} INFO - [2024-06-17T12:41:06.198+0000] {dag.py:3954} INFO - Setting next_dagrun for etl_ecomerc_pipeline to 2024-07-01 00:00:00+00:00, run_after=2024-08-01 00:00:00+00:00
[2024-06-17T12:41:06.218+0000] {processor.py:183} INFO - Processing /opt/airflow/dags/ecom_dag.py took 0.091 seconds
[2024-06-17T12:41:36.386+0000] {processor.py:161} INFO - Started process (PID=464) to work on /opt/airflow/dags/ecom_dag.py
[2024-06-17T12:41:36.387+0000] {processor.py:830} INFO - Processing file /opt/airflow/dags/ecom_dag.py for tasks to queue
[2024-06-17T12:41:36.388+0000] {logging_mixin.py:188} INFO - [2024-06-17T12:41:36.388+0000] {dagbag.py:545} INFO - Filling up the DagBag from /opt/airflow/dags/ecom_dag.py
[2024-06-17T12:41:36.407+0000] {processor.py:840} INFO - DAG(s) 'etl_ecomerc_pipeline' retrieved from /opt/airflow/dags/ecom_dag.py
[2024-06-17T12:41:36.433+0000] {logging_mixin.py:188} INFO - [2024-06-17T12:41:36.433+0000] {dag.py:3096} INFO - Sync 1 DAGs
[2024-06-17T12:41:36.453+0000] {logging_mixin.py:188} INFO - [2024-06-17T12:41:36.452+0000] {dag.py:3954} INFO - Setting next_dagrun for etl_ecomerc_pipeline to 2024-07-01 00:00:00+00:00, run_after=2024-08-01 00:00:00+00:00
[2024-06-17T12:41:36.472+0000] {processor.py:183} INFO - Processing /opt/airflow/dags/ecom_dag.py took 0.090 seconds
[2024-06-17T12:42:06.567+0000] {processor.py:161} INFO - Started process (PID=475) to work on /opt/airflow/dags/ecom_dag.py
[2024-06-17T12:42:06.569+0000] {processor.py:830} INFO - Processing file /opt/airflow/dags/ecom_dag.py for tasks to queue
[2024-06-17T12:42:06.571+0000] {logging_mixin.py:188} INFO - [2024-06-17T12:42:06.570+0000] {dagbag.py:545} INFO - Filling up the DagBag from /opt/airflow/dags/ecom_dag.py
[2024-06-17T12:42:06.588+0000] {processor.py:840} INFO - DAG(s) 'etl_ecomerc_pipeline' retrieved from /opt/airflow/dags/ecom_dag.py
[2024-06-17T12:42:06.613+0000] {logging_mixin.py:188} INFO - [2024-06-17T12:42:06.613+0000] {dag.py:3096} INFO - Sync 1 DAGs
[2024-06-17T12:42:06.638+0000] {logging_mixin.py:188} INFO - [2024-06-17T12:42:06.638+0000] {dag.py:3954} INFO - Setting next_dagrun for etl_ecomerc_pipeline to 2024-07-01 00:00:00+00:00, run_after=2024-08-01 00:00:00+00:00
[2024-06-17T12:42:06.657+0000] {processor.py:183} INFO - Processing /opt/airflow/dags/ecom_dag.py took 0.094 seconds
[2024-06-17T12:42:36.807+0000] {processor.py:161} INFO - Started process (PID=487) to work on /opt/airflow/dags/ecom_dag.py
[2024-06-17T12:42:36.808+0000] {processor.py:830} INFO - Processing file /opt/airflow/dags/ecom_dag.py for tasks to queue
[2024-06-17T12:42:36.810+0000] {logging_mixin.py:188} INFO - [2024-06-17T12:42:36.810+0000] {dagbag.py:545} INFO - Filling up the DagBag from /opt/airflow/dags/ecom_dag.py
[2024-06-17T12:42:36.826+0000] {processor.py:840} INFO - DAG(s) 'etl_ecomerc_pipeline' retrieved from /opt/airflow/dags/ecom_dag.py
[2024-06-17T12:42:36.852+0000] {logging_mixin.py:188} INFO - [2024-06-17T12:42:36.851+0000] {dag.py:3096} INFO - Sync 1 DAGs
[2024-06-17T12:42:36.875+0000] {logging_mixin.py:188} INFO - [2024-06-17T12:42:36.875+0000] {dag.py:3954} INFO - Setting next_dagrun for etl_ecomerc_pipeline to 2024-07-01 00:00:00+00:00, run_after=2024-08-01 00:00:00+00:00
[2024-06-17T12:42:36.898+0000] {processor.py:183} INFO - Processing /opt/airflow/dags/ecom_dag.py took 0.095 seconds
[2024-06-17T12:43:06.994+0000] {processor.py:161} INFO - Started process (PID=498) to work on /opt/airflow/dags/ecom_dag.py
[2024-06-17T12:43:06.995+0000] {processor.py:830} INFO - Processing file /opt/airflow/dags/ecom_dag.py for tasks to queue
[2024-06-17T12:43:06.998+0000] {logging_mixin.py:188} INFO - [2024-06-17T12:43:06.998+0000] {dagbag.py:545} INFO - Filling up the DagBag from /opt/airflow/dags/ecom_dag.py
[2024-06-17T12:43:07.018+0000] {processor.py:840} INFO - DAG(s) 'etl_ecomerc_pipeline' retrieved from /opt/airflow/dags/ecom_dag.py
[2024-06-17T12:43:07.045+0000] {logging_mixin.py:188} INFO - [2024-06-17T12:43:07.045+0000] {dag.py:3096} INFO - Sync 1 DAGs
[2024-06-17T12:43:07.064+0000] {logging_mixin.py:188} INFO - [2024-06-17T12:43:07.063+0000] {dag.py:3954} INFO - Setting next_dagrun for etl_ecomerc_pipeline to 2024-07-01 00:00:00+00:00, run_after=2024-08-01 00:00:00+00:00
[2024-06-17T12:43:07.083+0000] {processor.py:183} INFO - Processing /opt/airflow/dags/ecom_dag.py took 0.093 seconds
[2024-06-17T12:43:37.230+0000] {processor.py:161} INFO - Started process (PID=509) to work on /opt/airflow/dags/ecom_dag.py
[2024-06-17T12:43:37.231+0000] {processor.py:830} INFO - Processing file /opt/airflow/dags/ecom_dag.py for tasks to queue
[2024-06-17T12:43:37.233+0000] {logging_mixin.py:188} INFO - [2024-06-17T12:43:37.233+0000] {dagbag.py:545} INFO - Filling up the DagBag from /opt/airflow/dags/ecom_dag.py
[2024-06-17T12:43:37.250+0000] {processor.py:840} INFO - DAG(s) 'etl_ecomerc_pipeline' retrieved from /opt/airflow/dags/ecom_dag.py
[2024-06-17T12:43:37.273+0000] {logging_mixin.py:188} INFO - [2024-06-17T12:43:37.273+0000] {dag.py:3096} INFO - Sync 1 DAGs
[2024-06-17T12:43:37.297+0000] {logging_mixin.py:188} INFO - [2024-06-17T12:43:37.297+0000] {dag.py:3954} INFO - Setting next_dagrun for etl_ecomerc_pipeline to 2024-07-01 00:00:00+00:00, run_after=2024-08-01 00:00:00+00:00
[2024-06-17T12:43:37.320+0000] {processor.py:183} INFO - Processing /opt/airflow/dags/ecom_dag.py took 0.095 seconds
[2024-06-17T12:44:07.425+0000] {processor.py:161} INFO - Started process (PID=520) to work on /opt/airflow/dags/ecom_dag.py
[2024-06-17T12:44:07.426+0000] {processor.py:830} INFO - Processing file /opt/airflow/dags/ecom_dag.py for tasks to queue
[2024-06-17T12:44:07.427+0000] {logging_mixin.py:188} INFO - [2024-06-17T12:44:07.427+0000] {dagbag.py:545} INFO - Filling up the DagBag from /opt/airflow/dags/ecom_dag.py
[2024-06-17T12:44:07.444+0000] {processor.py:840} INFO - DAG(s) 'etl_ecomerc_pipeline' retrieved from /opt/airflow/dags/ecom_dag.py
[2024-06-17T12:44:07.468+0000] {logging_mixin.py:188} INFO - [2024-06-17T12:44:07.468+0000] {dag.py:3096} INFO - Sync 1 DAGs
[2024-06-17T12:44:07.487+0000] {logging_mixin.py:188} INFO - [2024-06-17T12:44:07.487+0000] {dag.py:3954} INFO - Setting next_dagrun for etl_ecomerc_pipeline to 2024-07-01 00:00:00+00:00, run_after=2024-08-01 00:00:00+00:00
[2024-06-17T12:44:07.503+0000] {processor.py:183} INFO - Processing /opt/airflow/dags/ecom_dag.py took 0.083 seconds
[2024-06-17T12:44:37.702+0000] {processor.py:161} INFO - Started process (PID=531) to work on /opt/airflow/dags/ecom_dag.py
[2024-06-17T12:44:37.703+0000] {processor.py:830} INFO - Processing file /opt/airflow/dags/ecom_dag.py for tasks to queue
[2024-06-17T12:44:37.705+0000] {logging_mixin.py:188} INFO - [2024-06-17T12:44:37.704+0000] {dagbag.py:545} INFO - Filling up the DagBag from /opt/airflow/dags/ecom_dag.py
[2024-06-17T12:44:37.725+0000] {processor.py:840} INFO - DAG(s) 'etl_ecomerc_pipeline' retrieved from /opt/airflow/dags/ecom_dag.py
[2024-06-17T12:44:37.758+0000] {logging_mixin.py:188} INFO - [2024-06-17T12:44:37.758+0000] {dag.py:3096} INFO - Sync 1 DAGs
[2024-06-17T12:44:37.784+0000] {logging_mixin.py:188} INFO - [2024-06-17T12:44:37.784+0000] {dag.py:3954} INFO - Setting next_dagrun for etl_ecomerc_pipeline to 2024-07-01 00:00:00+00:00, run_after=2024-08-01 00:00:00+00:00
[2024-06-17T12:44:37.814+0000] {processor.py:183} INFO - Processing /opt/airflow/dags/ecom_dag.py took 0.118 seconds
[2024-06-17T12:45:07.891+0000] {processor.py:161} INFO - Started process (PID=542) to work on /opt/airflow/dags/ecom_dag.py
[2024-06-17T12:45:07.892+0000] {processor.py:830} INFO - Processing file /opt/airflow/dags/ecom_dag.py for tasks to queue
[2024-06-17T12:45:07.894+0000] {logging_mixin.py:188} INFO - [2024-06-17T12:45:07.893+0000] {dagbag.py:545} INFO - Filling up the DagBag from /opt/airflow/dags/ecom_dag.py
[2024-06-17T12:45:07.911+0000] {processor.py:840} INFO - DAG(s) 'etl_ecomerc_pipeline' retrieved from /opt/airflow/dags/ecom_dag.py
[2024-06-17T12:45:07.936+0000] {logging_mixin.py:188} INFO - [2024-06-17T12:45:07.936+0000] {dag.py:3096} INFO - Sync 1 DAGs
[2024-06-17T12:45:07.956+0000] {logging_mixin.py:188} INFO - [2024-06-17T12:45:07.956+0000] {dag.py:3954} INFO - Setting next_dagrun for etl_ecomerc_pipeline to 2024-07-01 00:00:00+00:00, run_after=2024-08-01 00:00:00+00:00
[2024-06-17T12:45:07.976+0000] {processor.py:183} INFO - Processing /opt/airflow/dags/ecom_dag.py took 0.090 seconds
[2024-06-17T12:45:38.182+0000] {processor.py:161} INFO - Started process (PID=553) to work on /opt/airflow/dags/ecom_dag.py
[2024-06-17T12:45:38.183+0000] {processor.py:830} INFO - Processing file /opt/airflow/dags/ecom_dag.py for tasks to queue
[2024-06-17T12:45:38.184+0000] {logging_mixin.py:188} INFO - [2024-06-17T12:45:38.184+0000] {dagbag.py:545} INFO - Filling up the DagBag from /opt/airflow/dags/ecom_dag.py
[2024-06-17T12:45:38.202+0000] {processor.py:840} INFO - DAG(s) 'etl_ecomerc_pipeline' retrieved from /opt/airflow/dags/ecom_dag.py
[2024-06-17T12:45:38.229+0000] {logging_mixin.py:188} INFO - [2024-06-17T12:45:38.228+0000] {dag.py:3096} INFO - Sync 1 DAGs
[2024-06-17T12:45:38.252+0000] {logging_mixin.py:188} INFO - [2024-06-17T12:45:38.251+0000] {dag.py:3954} INFO - Setting next_dagrun for etl_ecomerc_pipeline to 2024-07-01 00:00:00+00:00, run_after=2024-08-01 00:00:00+00:00
[2024-06-17T12:45:38.271+0000] {processor.py:183} INFO - Processing /opt/airflow/dags/ecom_dag.py took 0.093 seconds
